Unity Editor version:    2021.3.15f1 (e8e88683f834)
Branch:                  2021.3/staging
Build type:              Release
Batch mode:              YES
macOS version:           Version 11.6 (Build 20G165)
Darwin version:          20.6.0
Architecture:            x86_64
Running under Rosetta:   YES
Available memory:        16384 MB
Using pre-set license
Pro License: YES

COMMAND LINE ARGUMENTS:
/Applications/Unity/Hub/Editor/2021.3.15f1/Unity.app/Contents/MacOS/Unity
-adb2
-batchMode
-noUpm
-name
AssetImportWorker0
-projectPath
/Users/danilevicegor/Documents/GitHub/Test_xLab
-logFile
Logs/AssetImportWorker0.log
-srvPort
49934
Successfully changed project path to: /Users/danilevicegor/Documents/GitHub/Test_xLab
/Users/danilevicegor/Documents/GitHub/Test_xLab
[UnityMemory] Configuration Parameters - Can be set up in boot.config
    "memorysetup-bucket-allocator-granularity=16"
    "memorysetup-bucket-allocator-bucket-count=8"
    "memorysetup-bucket-allocator-block-size=33554432"
    "memorysetup-bucket-allocator-block-count=8"
    "memorysetup-main-allocator-block-size=16777216"
    "memorysetup-thread-allocator-block-size=16777216"
    "memorysetup-gfx-main-allocator-block-size=16777216"
    "memorysetup-gfx-thread-allocator-block-size=16777216"
    "memorysetup-cache-allocator-block-size=4194304"
    "memorysetup-typetree-allocator-block-size=2097152"
    "memorysetup-profiler-bucket-allocator-granularity=16"
    "memorysetup-profiler-bucket-allocator-bucket-count=8"
    "memorysetup-profiler-bucket-allocator-block-size=33554432"
    "memorysetup-profiler-bucket-allocator-block-count=8"
    "memorysetup-profiler-allocator-block-size=16777216"
    "memorysetup-profiler-editor-allocator-block-size=1048576"
    "memorysetup-temp-allocator-size-main=16777216"
    "memorysetup-job-temp-allocator-block-size=2097152"
    "memorysetup-job-temp-allocator-block-size-background=1048576"
    "memorysetup-job-temp-allocator-reduction-small-platforms=262144"
    "memorysetup-temp-allocator-size-background-worker=32768"
    "memorysetup-temp-allocator-size-job-worker=262144"
    "memorysetup-temp-allocator-size-preload-manager=33554432"
    "memorysetup-temp-allocator-size-nav-mesh-worker=65536"
    "memorysetup-temp-allocator-size-audio-worker=65536"
    "memorysetup-temp-allocator-size-cloud-worker=32768"
    "memorysetup-temp-allocator-size-gi-baking-worker=262144"
    "memorysetup-temp-allocator-size-gfx=262144"
Player connection [8699358720] Host "[IP] 192.168.81.234 [Port] 0 [Flags] 2 [Guid] 1553807719 [EditorId] 1553807719 [Version] 1048832 [Id] OSXEditor(0,Mac-mini-danilevic.local) [Debug] 1 [PackageName] OSXEditor [ProjectName] Editor" joined multi-casting on [225.0.0.222:54997]...

Player connection [8699358720] Host "[IP] 192.168.81.234 [Port] 0 [Flags] 2 [Guid] 1553807719 [EditorId] 1553807719 [Version] 1048832 [Id] OSXEditor(0,Mac-mini-danilevic.local) [Debug] 1 [PackageName] OSXEditor [ProjectName] Editor" joined alternative multi-casting on [225.0.0.222:34997]...

Refreshing native plugins compatible for Editor in 22.46 ms, found 1 plugins.
Preloading 0 native plugins for Editor in 0.00 ms.
Initialize engine version: 2021.3.15f1 (e8e88683f834)
[Subsystems] Discovering subsystems at path /Applications/Unity/Hub/Editor/2021.3.15f1/Unity.app/Contents/Resources/UnitySubsystems
[Subsystems] Discovering subsystems at path /Users/danilevicegor/Documents/GitHub/Test_xLab/Assets
GfxDevice: creating device client; threaded=0; jobified=0
 preferred device: Apple M1 (high power)
Metal devices available: 1
0: Apple M1 (high power)
Using device Apple M1 (high power)
Initializing Metal device caps: Apple M1
Initialize mono
Mono path[0] = '/Applications/Unity/Hub/Editor/2021.3.15f1/Unity.app/Contents/Managed'
Mono path[1] = '/Applications/Unity/Hub/Editor/2021.3.15f1/Unity.app/Contents/MonoBleedingEdge/lib/mono/unityjit-macos'
Mono config path = '/Applications/Unity/Hub/Editor/2021.3.15f1/Unity.app/Contents/MonoBleedingEdge/etc'
Using monoOptions --debugger-agent=transport=dt_socket,embedding=1,server=y,suspend=n,address=127.0.0.1:56964
Begin MonoManager ReloadAssembly
Registering precompiled unity dll's ...
Register platform support module: /Applications/Unity/Hub/Editor/2021.3.15f1/Unity.app/Contents/PlaybackEngines/MacStandaloneSupport/UnityEditor.OSXStandalone.Extensions.dll
Register platform support module: /Applications/Unity/Hub/Editor/2021.3.15f1/PlaybackEngines/AndroidPlayer/UnityEditor.Android.Extensions.dll
Register platform support module: /Applications/Unity/Hub/Editor/2021.3.15f1/PlaybackEngines/iOSSupport/UnityEditor.iOS.Extensions.dll
Registered in 0.003079 seconds.
[usbmuxd] Start listen thread
[usbmuxd] Listen thread started
[usbmuxd] Send listen message
Native extension for iOS target not found
2023-12-05 11:30:32.814 Unity[21964:4640728] [XcodeApplications] Failed to read NSDictionary from path /Contents/Info.plist
Native extension for Android target not found
Native extension for OSXStandalone target not found
Refreshing native plugins compatible for Editor in 27.15 ms, found 1 plugins.
Preloading 0 native plugins for Editor in 0.00 ms.
Mono: successfully reloaded assembly
- Completed reload, in  1.662 seconds
Domain Reload Profiling:
	ReloadAssembly (1663ms)
		BeginReloadAssembly (185ms)
			ExecutionOrderSort (0ms)
			DisableScriptedObjects (0ms)
			BackupInstance (0ms)
			ReleaseScriptingObjects (0ms)
			CreateAndSetChildDomain (3ms)
		EndReloadAssembly (1224ms)
			LoadAssemblies (183ms)
			RebuildTransferFunctionScriptingTraits (0ms)
			SetupTypeCache (156ms)
			ReleaseScriptCaches (0ms)
			RebuildScriptCaches (34ms)
			SetupLoadedEditorAssemblies (872ms)
				LogAssemblyErrors (0ms)
				InitializePlatformSupportModulesInManaged (271ms)
				SetLoadedEditorAssemblies (1ms)
				RefreshPlugins (27ms)
				BeforeProcessingInitializeOnLoad (5ms)
				ProcessInitializeOnLoadAttributes (386ms)
				ProcessInitializeOnLoadMethodAttributes (182ms)
				AfterProcessingInitializeOnLoad (0ms)
				EditorAssembliesLoaded (0ms)
			ExecutionOrderSort2 (0ms)
			AwakeInstancesAfterBackupRestoration (0ms)
Platform modules already initialized, skipping
Registering precompiled user dll's ...
Registered in 0.000158 seconds.
Begin MonoManager ReloadAssembly
Native extension for iOS target not found
2023-12-05 11:30:35.322 Unity[21964:4640728] [XcodeApplications] Failed to read NSDictionary from path /Contents/Info.plist
Native extension for Android target not found
Native extension for OSXStandalone target not found
Refreshing native plugins compatible for Editor in 0.19 ms, found 1 plugins.
Preloading 0 native plugins for Editor in 0.00 ms.
Mono: successfully reloaded assembly
- Completed reload, in  2.127 seconds
Domain Reload Profiling:
	ReloadAssembly (2129ms)
		BeginReloadAssembly (399ms)
			ExecutionOrderSort (0ms)
			DisableScriptedObjects (42ms)
			BackupInstance (0ms)
			ReleaseScriptingObjects (0ms)
			CreateAndSetChildDomain (159ms)
		EndReloadAssembly (1354ms)
			LoadAssemblies (124ms)
			RebuildTransferFunctionScriptingTraits (0ms)
			SetupTypeCache (181ms)
			ReleaseScriptCaches (0ms)
			RebuildScriptCaches (51ms)
			SetupLoadedEditorAssemblies (779ms)
				LogAssemblyErrors (0ms)
				InitializePlatformSupportModulesInManaged (83ms)
				SetLoadedEditorAssemblies (1ms)
				RefreshPlugins (0ms)
				BeforeProcessingInitializeOnLoad (94ms)
				ProcessInitializeOnLoadAttributes (499ms)
				ProcessInitializeOnLoadMethodAttributes (98ms)
				AfterProcessingInitializeOnLoad (1ms)
				EditorAssembliesLoaded (0ms)
			ExecutionOrderSort2 (0ms)
			AwakeInstancesAfterBackupRestoration (11ms)
Platform modules already initialized, skipping
========================================================================
Worker process is ready to serve import requests
Launching external process: /Applications/Unity/Hub/Editor/2021.3.15f1/Unity.app/Contents/Tools/UnityShaderCompiler
Launched and connected shader compiler UnityShaderCompiler after 0.06 seconds
Refreshing native plugins compatible for Editor in 0.22 ms, found 1 plugins.
Preloading 0 native plugins for Editor in 0.00 ms.
Unloading 1062 Unused Serialized files (Serialized files now loaded: 0)
Unloading 9 unused Assets / (44.6 KB). Loaded Objects now: 1543.
Memory consumption went from 130.5 MB to 130.4 MB.
Total: 2.341375 ms (FindLiveObjects: 0.086917 ms CreateObjectMapping: 0.023000 ms MarkObjects: 2.127709 ms  DeleteObjects: 0.102709 ms)

AssetImportParameters requested are different than current active one (requested -> active):
  custom:video-decoder-ogg-theora: a1e56fd34408186e4bbccfd4996cb3dc -> 
  custom:container-muxer-webm: aa71ff27fc2769a1b78a27578f13a17b -> 
  custom:container-demuxer-webm: 4f35f7cbe854078d1ac9338744f61a02 -> 
  custom:video-encoder-webm-vp8: eb34c28f22e8b96e1ab97ce403110664 -> 
  custom:framework-osx-AVFoundation: e770b220cccbd017edd2c1fefb359320 -> 
  custom:audio-encoder-webm-vorbis: bf7c407c2cedff20999df2af8eb42d56 -> 
  custom:container-demuxer-ogg: 62fdf1f143b41e24485cea50d1cbac27 -> 
  custom:video-decoder-webm-vp8: 9c59270c3fd7afecdb556c50c9e8de78 -> 
  custom:audio-decoder-ogg-vorbis: bf7c407c2cedff20999df2af8eb42d56 -> 
========================================================================
Received Import Request.
  Time since last request: 760701.619286 seconds.
  path: Assets/AlignedGames/Polygonal Foliage Asset Package/Art/Models/Plants/Plant5/plant_5.fbx
  artifactKey: Guid(bb037aee249e689428ec651b0b51f628) Importer(815301076,1909f56bfc062723c751e8b465ee728b)
Start importing Assets/AlignedGames/Polygonal Foliage Asset Package/Art/Models/Plants/Plant5/plant_5.fbx using Guid(bb037aee249e689428ec651b0b51f628) Importer(815301076,1909f56bfc062723c751e8b465ee728b)  -> (artifact id: '1e6bfe7cc83faf2aa7d76ff6d94d0975') in 0.938390 seconds 
========================================================================
Received Import Request.
  Time since last request: 0.000165 seconds.
  path: Assets/AlignedGames/Polygonal Foliage Asset Package/Art/Models/Plants/Plant7/plant_7.fbx
  artifactKey: Guid(d8e5dcea97a05084d8b4b8fbf34dc84b) Importer(815301076,1909f56bfc062723c751e8b465ee728b)
Start importing Assets/AlignedGames/Polygonal Foliage Asset Package/Art/Models/Plants/Plant7/plant_7.fbx using Guid(d8e5dcea97a05084d8b4b8fbf34dc84b) Importer(815301076,1909f56bfc062723c751e8b465ee728b)  -> (artifact id: '0fb9eb7ee6b65423e4d231b4ec13039d') in 0.020420 seconds 
========================================================================
Received Import Request.
  Time since last request: 0.000074 seconds.
  path: Assets/AlignedGames/Polygonal Foliage Asset Package/Art/Models/Plants/Plant10/plant_10.fbx
  artifactKey: Guid(5250b3781bb03b048977ae7fbaddd4e8) Importer(815301076,1909f56bfc062723c751e8b465ee728b)
Start importing Assets/AlignedGames/Polygonal Foliage Asset Package/Art/Models/Plants/Plant10/plant_10.fbx using Guid(5250b3781bb03b048977ae7fbaddd4e8) Importer(815301076,1909f56bfc062723c751e8b465ee728b)  -> (artifact id: 'b2aa6f91542c3d173b6ce24a99f4c613') in 0.010759 seconds 
========================================================================
Received Import Request.
  Time since last request: 0.000071 seconds.
  path: Assets/AlignedGames/Polygonal Foliage Asset Package/Art/Models/Plants/Plant1/plant_1.fbx
  artifactKey: Guid(f904ed2aa18a3224eac326574d1d362d) Importer(815301076,1909f56bfc062723c751e8b465ee728b)
Start importing Assets/AlignedGames/Polygonal Foliage Asset Package/Art/Models/Plants/Plant1/plant_1.fbx using Guid(f904ed2aa18a3224eac326574d1d362d) Importer(815301076,1909f56bfc062723c751e8b465ee728b)  -> (artifact id: 'caed95535dbed7782a18656ee3ccd4c7') in 0.011557 seconds 
========================================================================
Received Import Request.
  Time since last request: 0.000098 seconds.
  path: Assets/AlignedGames/Polygonal Foliage Asset Package/Art/Models/Plants/Plant6/plant_6.fbx
  artifactKey: Guid(1ef424e68357e6144b6b4cc6e274c569) Importer(815301076,1909f56bfc062723c751e8b465ee728b)
Start importing Assets/AlignedGames/Polygonal Foliage Asset Package/Art/Models/Plants/Plant6/plant_6.fbx using Guid(1ef424e68357e6144b6b4cc6e274c569) Importer(815301076,1909f56bfc062723c751e8b465ee728b)  -> (artifact id: 'c540332ac6f777d3df829a829d328e3a') in 0.011650 seconds 
========================================================================
Received Import Request.
  Time since last request: 0.000067 seconds.
  path: Assets/AlignedGames/Polygonal Foliage Asset Package/Art/Models/Plants/Plant2/plant_2.fbx
  artifactKey: Guid(f291823f9b75a924b93a7422e8adc87d) Importer(815301076,1909f56bfc062723c751e8b465ee728b)
Start importing Assets/AlignedGames/Polygonal Foliage Asset Package/Art/Models/Plants/Plant2/plant_2.fbx using Guid(f291823f9b75a924b93a7422e8adc87d) Importer(815301076,1909f56bfc062723c751e8b465ee728b)  -> (artifact id: 'd64172781558bbad93e920f157f2dea4') in 0.012486 seconds 
========================================================================
Received Import Request.
  Time since last request: 0.000070 seconds.
  path: Assets/AlignedGames/Polygonal Foliage Asset Package/Art/Models/Plants/Plant8/plant_8.fbx
  artifactKey: Guid(de293cfbfb38a70458f6b760859553f7) Importer(815301076,1909f56bfc062723c751e8b465ee728b)
Start importing Assets/AlignedGames/Polygonal Foliage Asset Package/Art/Models/Plants/Plant8/plant_8.fbx using Guid(de293cfbfb38a70458f6b760859553f7) Importer(815301076,1909f56bfc062723c751e8b465ee728b)  -> (artifact id: 'd00d9bad549495dc40bed3fb84e4cc5a') in 0.011256 seconds 
========================================================================
Received Import Request.
  Time since last request: 0.000078 seconds.
  path: Assets/AlignedGames/Polygonal Foliage Asset Package/Art/Models/Plants/Plant3/plant_3.fbx
  artifactKey: Guid(30ae5fea4e92c4a449399b062965b44f) Importer(815301076,1909f56bfc062723c751e8b465ee728b)
Start importing Assets/AlignedGames/Polygonal Foliage Asset Package/Art/Models/Plants/Plant3/plant_3.fbx using Guid(30ae5fea4e92c4a449399b062965b44f) Importer(815301076,1909f56bfc062723c751e8b465ee728b)  -> (artifact id: '72cace87f75d86e454cd97971d74195d') in 0.012731 seconds 
========================================================================
Received Import Request.
  Time since last request: 0.000071 seconds.
  path: Assets/AlignedGames/Polygonal Foliage Asset Package/Art/Models/Plants/Plant4/plant_4.fbx
  artifactKey: Guid(c114d822c764b7b4c860a416d596368c) Importer(815301076,1909f56bfc062723c751e8b465ee728b)
Start importing Assets/AlignedGames/Polygonal Foliage Asset Package/Art/Models/Plants/Plant4/plant_4.fbx using Guid(c114d822c764b7b4c860a416d596368c) Importer(815301076,1909f56bfc062723c751e8b465ee728b)  -> (artifact id: '7e155cf92d60655ca99f35ade92d4aab') in 0.014521 seconds 
========================================================================
Received Import Request.
  Time since last request: 1.112291 seconds.
  path: Assets/AlignedGames/Polygonal Foliage Asset Package/Art/Models/Paths/RockPath1/rock_path_1.fbx
  artifactKey: Guid(47e70109901a7614db46ff6aba962ad9) Importer(815301076,1909f56bfc062723c751e8b465ee728b)
Start importing Assets/AlignedGames/Polygonal Foliage Asset Package/Art/Models/Paths/RockPath1/rock_path_1.fbx using Guid(47e70109901a7614db46ff6aba962ad9) Importer(815301076,1909f56bfc062723c751e8b465ee728b)  -> (artifact id: '3e32fdb7719e077a020c957f2af9ff54') in 0.023771 seconds 
========================================================================
Received Import Request.
  Time since last request: 0.000067 seconds.
  path: Assets/AlignedGames/Polygonal Foliage Asset Package/Art/Models/Paths/RockPath3/rock_path_3.fbx
  artifactKey: Guid(6bbcfc647dd6831458cc80dc451292be) Importer(815301076,1909f56bfc062723c751e8b465ee728b)
Start importing Assets/AlignedGames/Polygonal Foliage Asset Package/Art/Models/Paths/RockPath3/rock_path_3.fbx using Guid(6bbcfc647dd6831458cc80dc451292be) Importer(815301076,1909f56bfc062723c751e8b465ee728b)  -> (artifact id: '509820ef07630771b8df1b18903b5afb') in 0.014493 seconds 
========================================================================
Received Import Request.
  Time since last request: 21.471324 seconds.
  path: Assets/StaticData/FishingPole.asset
  artifactKey: Guid(67f5f4f699ad84503a24109d7f33d444) Importer(815301076,1909f56bfc062723c751e8b465ee728b)
Start importing Assets/StaticData/FishingPole.asset using Guid(67f5f4f699ad84503a24109d7f33d444) Importer(815301076,1909f56bfc062723c751e8b465ee728b)  -> (artifact id: 'fee4e838ee714202abb5815c175239f4') in 0.331623 seconds 
========================================================================
Received Prepare
Registering precompiled user dll's ...
Registered in 0.000141 seconds.
Begin MonoManager ReloadAssembly
Native extension for iOS target not found
2023-12-05 11:31:06.872 Unity[21964:4640728] [XcodeApplications] Failed to read NSDictionary from path /Contents/Info.plist
Native extension for Android target not found
Native extension for OSXStandalone target not found
Refreshing native plugins compatible for Editor in 0.20 ms, found 1 plugins.
Preloading 0 native plugins for Editor in 0.00 ms.
Mono: successfully reloaded assembly
- Completed reload, in  1.904 seconds
Domain Reload Profiling:
	ReloadAssembly (1907ms)
		BeginReloadAssembly (289ms)
			ExecutionOrderSort (0ms)
			DisableScriptedObjects (47ms)
			BackupInstance (0ms)
			ReleaseScriptingObjects (0ms)
			CreateAndSetChildDomain (71ms)
		EndReloadAssembly (1354ms)
			LoadAssemblies (124ms)
			RebuildTransferFunctionScriptingTraits (0ms)
			SetupTypeCache (189ms)
			ReleaseScriptCaches (1ms)
			RebuildScriptCaches (39ms)
			SetupLoadedEditorAssemblies (796ms)
				LogAssemblyErrors (0ms)
				InitializePlatformSupportModulesInManaged (97ms)
				SetLoadedEditorAssemblies (1ms)
				RefreshPlugins (0ms)
				BeforeProcessingInitializeOnLoad (82ms)
				ProcessInitializeOnLoadAttributes (512ms)
				ProcessInitializeOnLoadMethodAttributes (102ms)
				AfterProcessingInitializeOnLoad (1ms)
				EditorAssembliesLoaded (0ms)
			ExecutionOrderSort2 (0ms)
			AwakeInstancesAfterBackupRestoration (12ms)
Platform modules already initialized, skipping
Refreshing native plugins compatible for Editor in 0.30 ms, found 1 plugins.
Preloading 0 native plugins for Editor in 0.00 ms.
Unloading 1054 Unused Serialized files (Serialized files now loaded: 0)
Unloading 2 unused Assets / (21.9 KB). Loaded Objects now: 1558.
Memory consumption went from 143.3 MB to 143.3 MB.
Total: 2.113875 ms (FindLiveObjects: 0.072459 ms CreateObjectMapping: 0.023417 ms MarkObjects: 2.002041 ms  DeleteObjects: 0.015167 ms)

AssetImportParameters requested are different than current active one (requested -> active):
  custom:video-decoder-ogg-theora: a1e56fd34408186e4bbccfd4996cb3dc -> 
  custom:container-muxer-webm: aa71ff27fc2769a1b78a27578f13a17b -> 
  custom:container-demuxer-webm: 4f35f7cbe854078d1ac9338744f61a02 -> 
  custom:video-encoder-webm-vp8: eb34c28f22e8b96e1ab97ce403110664 -> 
  custom:framework-osx-AVFoundation: e770b220cccbd017edd2c1fefb359320 -> 
  custom:audio-encoder-webm-vorbis: bf7c407c2cedff20999df2af8eb42d56 -> 
  custom:container-demuxer-ogg: 62fdf1f143b41e24485cea50d1cbac27 -> 
  custom:video-decoder-webm-vp8: 9c59270c3fd7afecdb556c50c9e8de78 -> 
  custom:audio-decoder-ogg-vorbis: bf7c407c2cedff20999df2af8eb42d56 -> 
